0PROBLEM    1
         10
          8     98315
          9    -71754
          0         0
          3         8         4         3         6         6         6         6
          5         3
          1         1         6     89643     45305         0
         10         6         5      6564      8812         0
         11         6         1     21387     73319         0
         12         1         6     88766     49827         0
         13         7         8     82939     23238         0
         14         9         7     15298     14626         0
         15         8         7     62907      5781         0
         16         4         8     70292     56237         0
         17         9         6     20322     48307         0
         18         4         9     74205     83575         0
         19        10         1     33008     63284         0
          2        10         1     72746      1204         0
         20         2        10     92988     46353         0
         21         3         4      5730     67937         0
         22         7         3     11796      5444         0
         23         2        10     77810     61205         0
         24         8         2     20910     75561         0
         25         7         6      7321     36592         0
         26         3         5     33186     17591         0
         27         8         7     74729     64548         0
         28         4         5     57803      6219         0
         29         1         8     71630     31372         0
          3         2         5     50033     71291         0
         30         6         9     60744     66879         0
         31         1         6     70905     13504         0
         32        10         8       529     45529         0
         33         4         3     18757      7315         0
         34         3         2     93144     45602         0
         35         6         5     60890     29893         0
         36         2         7     45867     30878         0
         37         7        10     12574     80777         0
         38         8         4     60875     30490         0
         39         6         2     31757     29600         0
          4         9         2     75246     46560         0
         40         9         2     95626     77814         0
         41         7         3     88887     54290         0
         42         9         7     11085      6138         0
         43         1         7     79809     33792         0
         44         2         5      1492     21364         0
         45         3         9     67277     29512         0
         46         9         2     40058     59982         0
         47         6         9      3868     60435         0
         48         6         2      5840     93849         0
         49         3         9      1009     84544         0
          5         3         8     20921     10224         0
         50         5         2     54491     58076         0
          6         5         3     56508     93927         0
          7         4         8     28496     67105         0
          8         5         4     23380     85587         0
          9         5         6     95556     78970         0
          0         0         0         0         0         0
 ITERATION        12
+                     COST      1442342789
 ITERATION        12
+                     OPTIMAL INDICATION
0ARC FLOWS
0ARC         FROM   TO           FLOW           COST
         24     8    2          53281          20910
         22     7    3           5444          11796
         33     4    3           7315          18757
          6     5    3          22403          56508
         38     8    4           7315          60875
          3     2    5           1039          50033
         44     2    5          21364           1492
         25     7    6          36592           7321
         15     8    7           5781          62907
         27     8    7           5377          74729
         36     2    7          30878          45867
         47     6    9          36592           3868
         49     3    9          35162           1009
